<?xml version="1.0" encoding="UTF-8"?>
<!-- Generated by org.testng.reporters.JUnitReportReporter -->
<testsuite hostname="BAH5Q3C9J3" failures="0" tests="1" name="basicTests.BasicTest" time="0.245" errors="0" timestamp="2023-04-07T14:03:48 EDT" skipped="0">
  <testcase classname="basicTests.BasicTest" name="verifysum" time="0.245"/>
  <system-out/>
</testsuite> <!-- basicTests.BasicTest -->
