<?xml version="1.0" encoding="UTF-8"?>
<!-- Generated by org.testng.reporters.JUnitReportReporter -->
<testsuite hostname="BAH5Q3C9J3" failures="0" tests="1" name="webdriver.advance.tips.PracticeFormPageObject" time="8.290" errors="0" timestamp="2023-03-06T16:07:06 EST" skipped="0">
  <testcase classname="webdriver.advance.tips.PracticeFormPageObject" name="TestFirstAndLastNameFields" time="8.290"/>
  <system-out/>
</testsuite> <!-- webdriver.advance.tips.PracticeFormPageObject -->
