<?xml version="1.0" encoding="UTF-8"?>
<!-- Generated by org.testng.reporters.JUnitReportReporter -->
<testsuite hostname="BAH5Q3C9J3" failures="0" tests="1" name="webdriver.advance.tips.TestPracticeFormPageObject" time="8.391" errors="0" timestamp="2023-03-06T17:24:32 EST" skipped="0">
  <testcase classname="webdriver.advance.tips.TestPracticeFormPageObject" name="TestFirstAndLastNameFields" time="8.391"/>
  <system-out/>
</testsuite> <!-- webdriver.advance.tips.TestPracticeFormPageObject -->
