<?xml version="1.0" encoding="UTF-8"?>
<!-- Generated by org.testng.reporters.JUnitReportReporter -->
<testsuite hostname="BAH5Q3C9J3" failures="0" tests="1" name="webdriver.advance.grid.GridExampleTestNG" time="1.872" errors="0" timestamp="2023-03-07T16:04:52 EST" skipped="0">
  <testcase classname="webdriver.advance.grid.GridExampleTestNG" name="testGooglePageTitleInIEBrowser" time="1.872"/>
  <system-out/>
</testsuite> <!-- webdriver.advance.grid.GridExampleTestNG -->
