<?xml version="1.0" encoding="UTF-8"?>
<!-- Generated by org.testng.reporters.JUnitReportReporter -->
<testsuite hostname="BAH5Q3C9J3" failures="0" tests="1" name="webdriver.inter.ImplicitWaitS2" time="10.548" errors="0" timestamp="2023-02-16T15:06:27 EST" skipped="0">
  <testcase classname="webdriver.inter.ImplicitWaitS2" name="implicitWaitExcercise" time="10.548"/>
  <system-out/>
</testsuite> <!-- webdriver.inter.ImplicitWaitS2 -->
