<?xml version="1.0" encoding="UTF-8"?>
<!-- Generated by org.testng.reporters.JUnitReportReporter -->
<testsuite hostname="BAH5Q3C9J3" failures="0" tests="2" name="webdriver.advance.grid.ParallelTestB" time="3.421" errors="0" timestamp="2023-03-07T17:20:20 EST" skipped="0">
  <testcase classname="webdriver.advance.grid.ParallelTestB" name="testGooglePageTitleInChrome" time="0.939"/>
  <system-out/>
  <testcase classname="webdriver.advance.grid.ParallelTestB" name="testSearchGoogle" time="2.482"/>
  <system-out/>
</testsuite> <!-- webdriver.advance.grid.ParallelTestB -->
