<?xml version="1.0" encoding="UTF-8"?>
<!-- Generated by org.testng.reporters.JUnitReportReporter -->
<testsuite hostname="BAH5Q3C9J3" failures="0" tests="1" name="webdriver.advance.screenshots.SSListener" time="7.689" errors="0" timestamp="2023-03-15T10:47:48 EDT" skipped="0">
  <testcase classname="webdriver.advance.screenshots.SSListener" name="OpenBrowser" time="7.689"/>
  <system-out/>
</testsuite> <!-- webdriver.advance.screenshots.SSListener -->
