<?xml version="1.0" encoding="UTF-8"?>
<!-- Generated by org.testng.reporters.JUnitReportReporter -->
<testsuite hostname="BAH5Q3C9J3" failures="0" tests="1" name="webdriver.advance.grid.ParallelTestA" time="1.432" errors="0" timestamp="2023-03-07T17:20:20 EST" skipped="0">
  <testcase classname="webdriver.advance.grid.ParallelTestA" name="testGooglePageTitleInFirefox" time="1.432"/>
  <system-out/>
</testsuite> <!-- webdriver.advance.grid.ParallelTestA -->
