<?xml version="1.0" encoding="UTF-8"?>
<!-- Generated by org.testng.reporters.JUnitReportReporter -->
<testsuite hostname="BAH5Q3C9J3" failures="0" tests="1" name="automationFramework.UDF_TC" time="10.488" errors="0" timestamp="2023-03-29T10:11:48 EDT" skipped="0">
  <testcase classname="automationFramework.UDF_TC" name="ChromeTestMethod" time="10.488"/>
  <system-out/>
</testsuite> <!-- automationFramework.UDF_TC -->
