<?xml version="1.0" encoding="UTF-8"?>
<!-- Generated by org.testng.reporters.JUnitReportReporter -->
<testsuite hostname="BAH5Q3C9J3" failures="0" tests="1" name="testCases.Framework_002" time="15.910" errors="0" timestamp="2023-04-04T11:50:41 EDT" skipped="0">
  <testcase classname="testCases.Framework_002" name="MainTestCase" time="15.910"/>
  <system-out>
    <![CDATA[SignIn Action is successfully perfomred
Verification Passed for Product Name on Check Out page.
Verification Passed for Product Price on Check Out page.
Verification Passed for Product Name on Place Order page.
Verification Passed for Product Price on Place Order page.
Verification Passed for Product Name on Verification page
Verification Passed for Product Price on Verification page
Verification Passed for Thank you for the order message on Verification page.
SignOut Action is successfully perfomred]]>
  </system-out>
</testsuite> <!-- testCases.Framework_002 -->
