<?xml version="1.0" encoding="UTF-8"?>
<!-- Generated by org.testng.reporters.JUnitReportReporter -->
<testsuite hostname="BAH5Q3C9J3" failures="0" tests="2" name="objRepSample.SampleTests" time="1.458" errors="0" timestamp="2023-04-04T15:38:24 EDT" skipped="0">
  <testcase classname="objRepSample.SampleTests" name="EnterValue" time="0.087"/>
  <system-out/>
  <testcase classname="objRepSample.SampleTests" name="FindPartialLink" time="1.371"/>
  <system-out/>
</testsuite> <!-- objRepSample.SampleTests -->
