<?xml version="1.0" encoding="UTF-8"?>
<!-- Generated by org.testng.reporters.JUnitReportReporter -->
<testsuite hostname="BAH5Q3C9J3" failures="0" tests="2" name="objRepJson.JsonSampleTests" time="0.067" errors="2" timestamp="2023-04-04T17:30:30 EDT" skipped="0">
  <testcase classname="objRepJson.JsonSampleTests" name="FindPartialLink" time="0.002">
    <error message="Expected to find an object with property [&#039;PartialLink&#039;] in path $ but found &#039;java.lang.String&#039;. This is not a json object according to the JsonProvider: &#039;com.jayway.jsonpath.spi.json.JsonSmartJsonProvider&#039;." type="com.jayway.jsonpath.PathNotFoundException">
      <![CDATA[com.jayway.jsonpath.PathNotFoundException: Expected to find an object with property ['PartialLink'] in path $ but found 'java.lang.String'. This is not a json object according to the JsonProvider: 'com.jayway.jsonpath.spi.json.JsonSmartJsonProvider'.
]]>
    </error>
  </testcase> <!-- FindPartialLink -->
  <system-out/>
  <testcase classname="objRepJson.JsonSampleTests" name="EnterValue" time="0.065">
    <error message="Expected to find an object with property [&#039;FirstName&#039;] in path $ but found &#039;java.lang.String&#039;. This is not a json object according to the JsonProvider: &#039;com.jayway.jsonpath.spi.json.JsonSmartJsonProvider&#039;." type="com.jayway.jsonpath.PathNotFoundException">
      <![CDATA[com.jayway.jsonpath.PathNotFoundException: Expected to find an object with property ['FirstName'] in path $ but found 'java.lang.String'. This is not a json object according to the JsonProvider: 'com.jayway.jsonpath.spi.json.JsonSmartJsonProvider'.
]]>
    </error>
  </testcase> <!-- EnterValue -->
  <system-out/>
</testsuite> <!-- objRepJson.JsonSampleTests -->
