<?xml version="1.0" encoding="UTF-8"?>
<!-- Generated by org.testng.reporters.JUnitReportReporter -->
<testsuite hostname="BAH5Q3C9J3" failures="0" tests="4" name="DataProvider.DataProviderTestExcel" time="34.469" errors="0" timestamp="2023-03-16T11:59:32 EDT" skipped="0">
  <testcase classname="DataProvider.DataProviderTestExcel" name="test" time="8.384"/>
  <system-out/>
  <testcase classname="DataProvider.DataProviderTestExcel" name="test" time="9.463"/>
  <system-out/>
  <testcase classname="DataProvider.DataProviderTestExcel" name="test" time="8.319"/>
  <system-out/>
  <testcase classname="DataProvider.DataProviderTestExcel" name="test" time="8.303"/>
  <system-out/>
</testsuite> <!-- DataProvider.DataProviderTestExcel -->
