<?xml version="1.0" encoding="UTF-8"?>
<!-- Generated by org.testng.reporters.JUnitReportReporter -->
<testsuite hostname="BAH5Q3C9J3" failures="0" tests="8" name="DataProvider.DataProviderParallelBasic" time="0.072" errors="0" timestamp="2023-03-13T17:18:17 EDT" skipped="0">
  <testcase classname="DataProvider.DataProviderParallelBasic" name="testMethod" time="0.009"/>
  <system-out/>
  <testcase classname="DataProvider.DataProviderParallelBasic" name="testMethod" time="0.009"/>
  <system-out/>
  <testcase classname="DataProvider.DataProviderParallelBasic" name="testMethod" time="0.009"/>
  <system-out/>
  <testcase classname="DataProvider.DataProviderParallelBasic" name="testMethod" time="0.009"/>
  <system-out/>
  <testcase classname="DataProvider.DataProviderParallelBasic" name="testMethod" time="0.009"/>
  <system-out/>
  <testcase classname="DataProvider.DataProviderParallelBasic" name="testMethod" time="0.009"/>
  <system-out/>
  <testcase classname="DataProvider.DataProviderParallelBasic" name="testMethod" time="0.009"/>
  <system-out/>
  <testcase classname="DataProvider.DataProviderParallelBasic" name="testMethod" time="0.009"/>
  <system-out/>
</testsuite> <!-- DataProvider.DataProviderParallelBasic -->
