<?xml version="1.0" encoding="UTF-8"?>
<!-- Generated by org.testng.reporters.JUnitReportReporter -->
<testsuite hostname="BAH5Q3C9J3" failures="0" tests="2" name="TestNGPriority1" time="0.535" errors="0" timestamp="2023-03-10T11:43:38 EST" skipped="0">
  <testcase classname="TestNGPriority1" name="OpenBrowser" time="0.418"/>
  <system-out/>
  <testcase classname="TestNGPriority1" name="CloseBrowser" time="0.117"/>
  <system-out/>
</testsuite> <!-- TestNGPriority1 -->
