<?xml version="1.0" encoding="UTF-8"?>
<!-- Generated by org.testng.reporters.JUnitReportReporter -->
<testsuite hostname="BAH5Q3C9J3" failures="0" tests="1" name="Params" time="0.007" errors="0" timestamp="2023-03-09T18:29:44 EST" skipped="0">
  <testcase classname="Params" name="OP" time="0.007"/>
  <system-out/>
</testsuite> <!-- Params -->
