<?xml version="1.0" encoding="UTF-8"?>
<!-- Generated by org.testng.reporters.JUnitReportReporter -->
<testsuite hostname="BAH5Q3C9J3" failures="0" tests="1" name="TestNGSamples2.ExtentReportsTest" time="3.211" errors="0" timestamp="2023-03-14T16:45:50 EDT" skipped="0">
  <testcase classname="TestNGSamples2.ExtentReportsTest" name="Login" time="3.211"/>
  <system-out/>
</testsuite> <!-- TestNGSamples2.ExtentReportsTest -->
