<?xml version="1.0" encoding="UTF-8"?>
<!-- Generated by org.testng.reporters.JUnitReportReporter -->
<testsuite hostname="BAH5Q3C9J3" failures="0" tests="4" name="FactorySamples.SimpleTest2" time="0.009" errors="0" timestamp="2023-03-22T11:05:28 EDT" skipped="0">
  <testcase classname="FactorySamples.SimpleTest2" name="testMethodOne" time="0.001"/>
  <system-out/>
  <testcase classname="FactorySamples.SimpleTest2" name="testMethodTwo" time="0.001"/>
  <system-out/>
  <testcase classname="FactorySamples.SimpleTest2" name="testMethodOne" time="0.007"/>
  <system-out/>
  <testcase classname="FactorySamples.SimpleTest2" name="testMethodTwo" time="0.000"/>
  <system-out/>
</testsuite> <!-- FactorySamples.SimpleTest2 -->
