<?xml version="1.0" encoding="UTF-8"?>
<!-- Generated by org.testng.reporters.JUnitReportReporter -->
<testsuite hostname="BAH5Q3C9J3" failures="0" tests="2" name="GroupTest.GroupTestExample" time="0.012" errors="0" timestamp="2023-03-22T16:03:39 EDT" skipped="0">
  <testcase classname="GroupTest.GroupTestExample" name="testSalutationMessage" time="0.002"/>
  <system-out/>
  <testcase classname="GroupTest.GroupTestExample" name="testPrintMessage" time="0.010"/>
  <system-out/>
</testsuite> <!-- GroupTest.GroupTestExample -->
