<?xml version="1.0" encoding="UTF-8"?>
<!-- Generated by org.testng.reporters.JUnitReportReporter -->
<testsuite hostname="BAH5Q3C9J3" failures="0" tests="2" name="DataProvider.DataProviderBasics3" time="0.006" errors="0" timestamp="2023-03-10T10:58:56 EST" skipped="0">
  <testcase classname="DataProvider.DataProviderBasics3" name="myTest" time="0.000"/>
  <system-out/>
  <testcase classname="DataProvider.DataProviderBasics3" name="myTest" time="0.006"/>
  <system-out/>
</testsuite> <!-- DataProvider.DataProviderBasics3 -->
