<?xml version="1.0" encoding="UTF-8"?>
<!-- Generated by org.testng.reporters.JUnitReportReporter -->
<testsuite hostname="BAH5Q3C9J3" failures="0" tests="1" name="Demo" time="4.397" errors="0" timestamp="2023-03-09T11:53:07 EST" skipped="0">
  <testcase classname="Demo" name="f" time="4.397"/>
  <system-out/>
</testsuite> <!-- Demo -->
