<?xml version="1.0" encoding="UTF-8"?>
<!-- Generated by org.testng.reporters.JUnitReportReporter -->
<testsuite hostname="BAH5Q3C9J3" failures="0" tests="7" name="Integrated.SSListenerParallelTSafe" time="19.225" errors="0" timestamp="2023-03-20T13:50:10 EDT" skipped="5">
  <testcase classname="Integrated.SSListenerParallelTSafe" name="OpenBrowserShop" time="9.484"/>
  <system-out/>
  <testcase classname="Integrated.SSListenerParallelTSafe" name="OpenBrowserShopNegatvie" time="9.741"/>
  <system-out/>
  <testcase classname="Integrated.SSListenerParallelTSafe" name="LoginDP">
    <skipped/>
  </testcase> <!-- LoginDP -->
  <system-out/>
  <testcase classname="Integrated.SSListenerParallelTSafe" name="OpenBrowserSecond">
    <skipped/>
  </testcase> <!-- OpenBrowserSecond -->
  <system-out/>
  <testcase classname="Integrated.SSListenerParallelTSafe" name="OpenBrowser">
    <skipped/>
  </testcase> <!-- OpenBrowser -->
  <system-out/>
  <testcase classname="Integrated.SSListenerParallelTSafe" name="OpenBrowserNegative">
    <skipped/>
  </testcase> <!-- OpenBrowserNegative -->
  <system-out/>
  <testcase classname="Integrated.SSListenerParallelTSafe" name="Login">
    <skipped/>
  </testcase> <!-- Login -->
  <system-out/>
</testsuite> <!-- Integrated.SSListenerParallelTSafe -->
