<?xml version="1.0" encoding="UTF-8"?>
<!-- Generated by org.testng.reporters.JUnitReportReporter -->
<testsuite hostname="BAH5Q3C9J3" failures="0" tests="1" name="TestNGSamples3.Test2" time="0.001" errors="0" timestamp="2023-03-15T15:01:08 EDT" skipped="0">
  <testcase classname="TestNGSamples3.Test2" name="testlinkedin" time="0.001"/>
  <system-out/>
</testsuite> <!-- TestNGSamples3.Test2 -->
