<?xml version="1.0" encoding="UTF-8"?>
<!-- Generated by org.testng.reporters.JUnitReportReporter -->
<testsuite hostname="BAH5Q3C9J3" failures="0" tests="4" name="Integrated.SSListenerParallelTSafe" time="12.312" errors="0" timestamp="2023-03-18T19:24:02 EDT" skipped="2">
  <testcase classname="Integrated.SSListenerParallelTSafe" name="OpenBrowser" time="6.811"/>
  <system-out/>
  <testcase classname="Integrated.SSListenerParallelTSafe" name="OpenBrowser" time="5.501"/>
  <system-out/>
  <testcase classname="Integrated.SSListenerParallelTSafe" name="Login">
    <skipped/>
  </testcase> <!-- Login -->
  <system-out/>
  <testcase classname="Integrated.SSListenerParallelTSafe" name="Login">
    <skipped/>
  </testcase> <!-- Login -->
  <system-out/>
</testsuite> <!-- Integrated.SSListenerParallelTSafe -->
