<?xml version="1.0" encoding="UTF-8"?>
<!-- Generated by org.testng.reporters.JUnitReportReporter -->
<testsuite hostname="BAH5Q3C9J3" failures="0" tests="4" name="GroupDependency" time="0.009" errors="0" timestamp="2023-03-13T13:49:55 EDT" skipped="0">
  <testcase classname="GroupDependency" name="LogIn" time="0.001"/>
  <system-out/>
  <testcase classname="GroupDependency" name="CloseAccount" time="0.000"/>
  <system-out/>
  <testcase classname="GroupDependency" name="OpenBrowser" time="0.007"/>
  <system-out/>
  <testcase classname="GroupDependency" name="ViewAcc" time="0.001"/>
  <system-out/>
</testsuite> <!-- GroupDependency -->
