<?xml version="1.0" encoding="UTF-8"?>
<!-- Generated by org.testng.reporters.JUnitReportReporter -->
<testsuite hostname="BAH5Q3C9J3" failures="0" tests="2" name="DataProvider.DataProviderTest" time="17.157" errors="0" timestamp="2023-03-10T15:26:53 EST" skipped="0">
  <testcase classname="DataProvider.DataProviderTest" name="test" time="8.041"/>
  <system-out/>
  <testcase classname="DataProvider.DataProviderTest" name="test" time="9.116"/>
  <system-out/>
</testsuite> <!-- DataProvider.DataProviderTest -->
