<?xml version="1.0" encoding="UTF-8"?>
<!-- Generated by org.testng.reporters.JUnitReportReporter -->
<testsuite hostname="BAH5Q3C9J3" failures="0" tests="4" name="TestNGPriority" time="0.009" errors="0" timestamp="2023-03-10T11:34:43 EST" skipped="0">
  <testcase classname="TestNGPriority" name="d_method" time="0.000"/>
  <system-out/>
  <testcase classname="TestNGPriority" name="c_method" time="0.001"/>
  <system-out/>
  <testcase classname="TestNGPriority" name="b_method" time="0.007"/>
  <system-out/>
  <testcase classname="TestNGPriority" name="a_method" time="0.001"/>
  <system-out/>
</testsuite> <!-- TestNGPriority -->
