<?xml version="1.0" encoding="UTF-8"?>
<!-- Generated by org.testng.reporters.JUnitReportReporter -->
<testsuite hostname="BAH5Q3C9J3" failures="0" tests="1" name="ParamsSimple" time="0.009" errors="0" timestamp="2023-03-10T10:48:24 EST" skipped="0">
  <testcase classname="ParamsSimple" name="Sum" time="0.009"/>
  <system-out/>
</testsuite> <!-- ParamsSimple -->
