<?xml version="1.0" encoding="UTF-8"?>
<!-- Generated by org.testng.reporters.JUnitReportReporter -->
<testsuite hostname="BAH5Q3C9J3" failures="0" tests="1" name="FactorySamples.TestData2" time="0.000" errors="0" timestamp="2023-03-22T11:06:47 EDT" skipped="0">
  <testcase classname="FactorySamples.TestData2" name="testData2" time="0.000"/>
  <system-out/>
</testsuite> <!-- FactorySamples.TestData2 -->
