<?xml version="1.0" encoding="UTF-8"?>
<!-- Generated by org.testng.reporters.JUnitReportReporter -->
<testsuite hostname="BAH5Q3C9J3" failures="1" tests="6" name="ParallelWebdriverListenerRetry2WorksWell.LandingPageTest" time="69.363" errors="0" timestamp="2023-03-21T13:55:09 EDT" skipped="1">
  <testcase classname="ParallelWebdriverListenerRetry2WorksWell.LandingPageTest" name="OpenBrowser" time="12.655"/>
  <system-out/>
  <testcase classname="ParallelWebdriverListenerRetry2WorksWell.LandingPageTest" name="OpenBrowserNegative" time="9.781">
    <failure message="Titles of the website do not match expected [Let&#039;s Shoop] but found [Let&#039;s Shop]" type="java.lang.AssertionError">
      <![CDATA[java.lang.AssertionError: Titles of the website do not match expected [Let's Shoop] but found [Let's Shop]
at org.testng.Assert.fail(Assert.java:99)
at org.testng.Assert.failNotEquals(Assert.java:1037)
at org.testng.Assert.assertEqualsImpl(Assert.java:140)
at org.testng.Assert.assertEquals(Assert.java:122)
at org.testng.Assert.assertEquals(Assert.java:629)
at ParallelWebdriverListenerRetry2WorksWell.LandingPageTest.OpenBrowserNegative(LandingPageTest.java:50)
at java.base/jdk.internal.reflect.DirectMethodHandleAccessor.invoke(DirectMethodHandleAccessor.java:104)
at java.base/java.lang.reflect.Method.invoke(Method.java:578)
at org.testng.internal.MethodInvocationHelper.invokeMethod(MethodInvocationHelper.java:133)
at org.testng.internal.TestInvoker.invokeMethod(TestInvoker.java:598)
at org.testng.internal.TestInvoker.retryFailed(TestInvoker.java:213)
at org.testng.internal.MethodRunner.runInSequence(MethodRunner.java:58)
at org.testng.internal.TestInvoker$MethodInvocationAgent.invoke(TestInvoker.java:824)
at org.testng.internal.TestInvoker.invokeTestMethods(TestInvoker.java:146)
at org.testng.internal.TestMethodWorker.invokeTestMethods(TestMethodWorker.java:146)
at org.testng.internal.TestMethodWorker.run(TestMethodWorker.java:128)
at java.base/java.util.concurrent.ThreadPoolExecutor.runWorker(ThreadPoolExecutor.java:1144)
at java.base/java.util.concurrent.ThreadPoolExecutor$Worker.run(ThreadPoolExecutor.java:642)
at java.base/java.lang.Thread.run(Thread.java:1589)
]]>
    </failure>
  </testcase> <!-- OpenBrowserNegative -->
  <system-out/>
  <testcase classname="ParallelWebdriverListenerRetry2WorksWell.LandingPageTest" name="OpenBrowserNegative" time="10.528">
    <skipped/>
  </testcase> <!-- OpenBrowserNegative -->
  <system-out/>
  <testcase classname="ParallelWebdriverListenerRetry2WorksWell.LandingPageTest" name="Login" time="11.012"/>
  <system-out/>
  <testcase classname="ParallelWebdriverListenerRetry2WorksWell.LandingPageTest" name="LoginDP" time="13.157"/>
  <system-out/>
  <testcase classname="ParallelWebdriverListenerRetry2WorksWell.LandingPageTest" name="LoginDP" time="12.230"/>
  <system-out/>
</testsuite> <!-- ParallelWebdriverListenerRetry2WorksWell.LandingPageTest -->
