<?xml version="1.0" encoding="UTF-8"?>
<!-- Generated by org.testng.reporters.JUnitReportReporter -->
<testsuite hostname="BAH5Q3C9J3" failures="0" tests="2" name="TestNGSamples2.ParallelTest" time="16.603" errors="0" timestamp="2023-03-13T13:22:00 EDT" skipped="0">
  <testcase classname="TestNGSamples2.ParallelTest" name="FirefoxTest" time="9.503"/>
  <system-out/>
  <testcase classname="TestNGSamples2.ParallelTest" name="ChromeTest" time="7.100"/>
  <system-out/>
</testsuite> <!-- TestNGSamples2.ParallelTest -->
