<?xml version="1.0" encoding="UTF-8"?>
<!-- Generated by org.testng.reporters.JUnitReportReporter -->
<testsuite hostname="BAH5Q3C9J3" failures="0" tests="2" name="DataProvider.DataProviderBasics4" time="0.008" errors="0" timestamp="2023-03-22T09:20:59 EDT" skipped="0">
  <testcase classname="DataProvider.DataProviderBasics4" name="PrintMsg" time="0.008"/>
  <system-out/>
  <testcase classname="DataProvider.DataProviderBasics4" name="PrintMsg" time="0.000"/>
  <system-out/>
</testsuite> <!-- DataProvider.DataProviderBasics4 -->
