<?xml version="1.0" encoding="UTF-8"?>
<!-- Generated by org.testng.reporters.JUnitReportReporter -->
<testsuite hostname="BAH5Q3C9J3" failures="0" tests="4" name="DataProvider.DataProviderTestExcelParallelThreadSafe" time="21.287" errors="0" timestamp="2023-03-13T15:50:38 EDT" skipped="0">
  <testcase classname="DataProvider.DataProviderTestExcelParallelThreadSafe" name="test" time="5.986"/>
  <system-out/>
  <testcase classname="DataProvider.DataProviderTestExcelParallelThreadSafe" name="test" time="4.614"/>
  <system-out/>
  <testcase classname="DataProvider.DataProviderTestExcelParallelThreadSafe" name="test" time="4.759"/>
  <system-out/>
  <testcase classname="DataProvider.DataProviderTestExcelParallelThreadSafe" name="test" time="5.928"/>
  <system-out/>
</testsuite> <!-- DataProvider.DataProviderTestExcelParallelThreadSafe -->
