<?xml version="1.0" encoding="UTF-8"?>
<!-- Generated by org.testng.reporters.JUnitReportReporter -->
<testsuite hostname="BAH5Q3C9J3" failures="3" tests="18" name="ParallelWebdriver3.LandingPageTest" time="220.862" errors="0" timestamp="2023-03-21T17:44:45 EDT" skipped="3">
  <testcase classname="ParallelWebdriver3.LandingPageTest" name="OpenBrowser" time="13.969"/>
  <system-out/>
  <testcase classname="ParallelWebdriver3.LandingPageTest" name="OpenBrowser" time="14.749"/>
  <system-out/>
  <testcase classname="ParallelWebdriver3.LandingPageTest" name="OpenBrowser" time="11.279"/>
  <system-out/>
  <testcase classname="ParallelWebdriver3.LandingPageTest" name="OpenBrowserNegative" time="8.972">
    <failure message="Titles of the website do not match expected [Let&#039;s Shoop] but found [Let&#039;s Shop]" type="java.lang.AssertionError">
      <![CDATA[java.lang.AssertionError: Titles of the website do not match expected [Let's Shoop] but found [Let's Shop]
at org.testng.Assert.fail(Assert.java:99)
at org.testng.Assert.failNotEquals(Assert.java:1037)
at org.testng.Assert.assertEqualsImpl(Assert.java:140)
at org.testng.Assert.assertEquals(Assert.java:122)
at org.testng.Assert.assertEquals(Assert.java:629)
at ParallelWebdriver3.LandingPageTest.OpenBrowserNegative(LandingPageTest.java:50)
at java.base/jdk.internal.reflect.DirectMethodHandleAccessor.invoke(DirectMethodHandleAccessor.java:104)
at java.base/java.lang.reflect.Method.invoke(Method.java:578)
at org.testng.internal.MethodInvocationHelper.invokeMethod(MethodInvocationHelper.java:133)
at org.testng.internal.TestInvoker.invokeMethod(TestInvoker.java:598)
at org.testng.internal.TestInvoker.retryFailed(TestInvoker.java:213)
at org.testng.internal.MethodRunner.runInSequence(MethodRunner.java:58)
at org.testng.internal.TestInvoker$MethodInvocationAgent.invoke(TestInvoker.java:824)
at org.testng.internal.TestInvoker.invokeTestMethods(TestInvoker.java:146)
at org.testng.internal.TestMethodWorker.invokeTestMethods(TestMethodWorker.java:146)
at org.testng.internal.TestMethodWorker.run(TestMethodWorker.java:128)
at java.base/java.util.ArrayList.forEach(ArrayList.java:1511)
at org.testng.TestRunner.privateRun(TestRunner.java:794)
at org.testng.TestRunner.run(TestRunner.java:596)
at org.testng.SuiteRunner.runTest(SuiteRunner.java:377)
at org.testng.SuiteRunner.access$000(SuiteRunner.java:28)
at org.testng.SuiteRunner$SuiteWorker.run(SuiteRunner.java:418)
at org.testng.internal.thread.ThreadUtil.lambda$execute$0(ThreadUtil.java:64)
at java.base/java.util.concurrent.FutureTask.run(FutureTask.java:317)
at java.base/java.util.concurrent.ThreadPoolExecutor.runWorker(ThreadPoolExecutor.java:1144)
at java.base/java.util.concurrent.ThreadPoolExecutor$Worker.run(ThreadPoolExecutor.java:642)
at java.base/java.lang.Thread.run(Thread.java:1589)
]]>
    </failure>
  </testcase> <!-- OpenBrowserNegative -->
  <system-out/>
  <testcase classname="ParallelWebdriver3.LandingPageTest" name="OpenBrowserNegative" time="10.098">
    <skipped/>
  </testcase> <!-- OpenBrowserNegative -->
  <system-out/>
  <testcase classname="ParallelWebdriver3.LandingPageTest" name="OpenBrowserNegative" time="14.130">
    <failure message="Titles of the website do not match expected [Let&#039;s Shoop] but found [Let&#039;s Shop]" type="java.lang.AssertionError">
      <![CDATA[java.lang.AssertionError: Titles of the website do not match expected [Let's Shoop] but found [Let's Shop]
at org.testng.Assert.fail(Assert.java:99)
at org.testng.Assert.failNotEquals(Assert.java:1037)
at org.testng.Assert.assertEqualsImpl(Assert.java:140)
at org.testng.Assert.assertEquals(Assert.java:122)
at org.testng.Assert.assertEquals(Assert.java:629)
at ParallelWebdriver3.LandingPageTest.OpenBrowserNegative(LandingPageTest.java:50)
at java.base/jdk.internal.reflect.DirectMethodHandleAccessor.invoke(DirectMethodHandleAccessor.java:104)
at java.base/java.lang.reflect.Method.invoke(Method.java:578)
at org.testng.internal.MethodInvocationHelper.invokeMethod(MethodInvocationHelper.java:133)
at org.testng.internal.TestInvoker.invokeMethod(TestInvoker.java:598)
at org.testng.internal.TestInvoker.retryFailed(TestInvoker.java:213)
at org.testng.internal.MethodRunner.runInSequence(MethodRunner.java:58)
at org.testng.internal.TestInvoker$MethodInvocationAgent.invoke(TestInvoker.java:824)
at org.testng.internal.TestInvoker.invokeTestMethods(TestInvoker.java:146)
at org.testng.internal.TestMethodWorker.invokeTestMethods(TestMethodWorker.java:146)
at org.testng.internal.TestMethodWorker.run(TestMethodWorker.java:128)
at java.base/java.util.ArrayList.forEach(ArrayList.java:1511)
at org.testng.TestRunner.privateRun(TestRunner.java:794)
at org.testng.TestRunner.run(TestRunner.java:596)
at org.testng.SuiteRunner.runTest(SuiteRunner.java:377)
at org.testng.SuiteRunner.access$000(SuiteRunner.java:28)
at org.testng.SuiteRunner$SuiteWorker.run(SuiteRunner.java:418)
at org.testng.internal.thread.ThreadUtil.lambda$execute$0(ThreadUtil.java:64)
at java.base/java.util.concurrent.FutureTask.run(FutureTask.java:317)
at java.base/java.util.concurrent.ThreadPoolExecutor.runWorker(ThreadPoolExecutor.java:1144)
at java.base/java.util.concurrent.ThreadPoolExecutor$Worker.run(ThreadPoolExecutor.java:642)
at java.base/java.lang.Thread.run(Thread.java:1589)
]]>
    </failure>
  </testcase> <!-- OpenBrowserNegative -->
  <system-out/>
  <testcase classname="ParallelWebdriver3.LandingPageTest" name="OpenBrowserNegative" time="9.576">
    <failure message="Titles of the website do not match expected [Let&#039;s Shoop] but found [Let&#039;s Shop]" type="java.lang.AssertionError">
      <![CDATA[java.lang.AssertionError: Titles of the website do not match expected [Let's Shoop] but found [Let's Shop]
at org.testng.Assert.fail(Assert.java:99)
at org.testng.Assert.failNotEquals(Assert.java:1037)
at org.testng.Assert.assertEqualsImpl(Assert.java:140)
at org.testng.Assert.assertEquals(Assert.java:122)
at org.testng.Assert.assertEquals(Assert.java:629)
at ParallelWebdriver3.LandingPageTest.OpenBrowserNegative(LandingPageTest.java:50)
at java.base/jdk.internal.reflect.DirectMethodHandleAccessor.invoke(DirectMethodHandleAccessor.java:104)
at java.base/java.lang.reflect.Method.invoke(Method.java:578)
at org.testng.internal.MethodInvocationHelper.invokeMethod(MethodInvocationHelper.java:133)
at org.testng.internal.TestInvoker.invokeMethod(TestInvoker.java:598)
at org.testng.internal.TestInvoker.retryFailed(TestInvoker.java:213)
at org.testng.internal.MethodRunner.runInSequence(MethodRunner.java:58)
at org.testng.internal.TestInvoker$MethodInvocationAgent.invoke(TestInvoker.java:824)
at org.testng.internal.TestInvoker.invokeTestMethods(TestInvoker.java:146)
at org.testng.internal.TestMethodWorker.invokeTestMethods(TestMethodWorker.java:146)
at org.testng.internal.TestMethodWorker.run(TestMethodWorker.java:128)
at java.base/java.util.ArrayList.forEach(ArrayList.java:1511)
at org.testng.TestRunner.privateRun(TestRunner.java:794)
at org.testng.TestRunner.run(TestRunner.java:596)
at org.testng.SuiteRunner.runTest(SuiteRunner.java:377)
at org.testng.SuiteRunner.access$000(SuiteRunner.java:28)
at org.testng.SuiteRunner$SuiteWorker.run(SuiteRunner.java:418)
at org.testng.internal.thread.ThreadUtil.lambda$execute$0(ThreadUtil.java:64)
at java.base/java.util.concurrent.FutureTask.run(FutureTask.java:317)
at java.base/java.util.concurrent.ThreadPoolExecutor.runWorker(ThreadPoolExecutor.java:1144)
at java.base/java.util.concurrent.ThreadPoolExecutor$Worker.run(ThreadPoolExecutor.java:642)
at java.base/java.lang.Thread.run(Thread.java:1589)
]]>
    </failure>
  </testcase> <!-- OpenBrowserNegative -->
  <system-out/>
  <testcase classname="ParallelWebdriver3.LandingPageTest" name="OpenBrowserNegative" time="9.134">
    <skipped/>
  </testcase> <!-- OpenBrowserNegative -->
  <system-out/>
  <testcase classname="ParallelWebdriver3.LandingPageTest" name="OpenBrowserNegative" time="9.651">
    <skipped/>
  </testcase> <!-- OpenBrowserNegative -->
  <system-out/>
  <testcase classname="ParallelWebdriver3.LandingPageTest" name="LoginDP" time="11.303"/>
  <system-out/>
  <testcase classname="ParallelWebdriver3.LandingPageTest" name="LoginDP" time="15.964"/>
  <system-out/>
  <testcase classname="ParallelWebdriver3.LandingPageTest" name="Login" time="17.789"/>
  <system-out/>
  <testcase classname="ParallelWebdriver3.LandingPageTest" name="LoginDP" time="13.642"/>
  <system-out/>
  <testcase classname="ParallelWebdriver3.LandingPageTest" name="LoginDP" time="15.422"/>
  <system-out/>
  <testcase classname="ParallelWebdriver3.LandingPageTest" name="Login" time="12.197"/>
  <system-out/>
  <testcase classname="ParallelWebdriver3.LandingPageTest" name="Login" time="8.791"/>
  <system-out/>
  <testcase classname="ParallelWebdriver3.LandingPageTest" name="LoginDP" time="10.093"/>
  <system-out/>
  <testcase classname="ParallelWebdriver3.LandingPageTest" name="LoginDP" time="14.103"/>
  <system-out/>
</testsuite> <!-- ParallelWebdriver3.LandingPageTest -->
