<?xml version="1.0" encoding="UTF-8"?>
<!-- Generated by org.testng.reporters.JUnitReportReporter -->
<testsuite hostname="BAH5Q3C9J3" failures="0" tests="3" name="TestNGEnabledSkip" time="0.531" errors="0" timestamp="2023-03-10T11:54:09 EST" skipped="1">
  <testcase classname="TestNGEnabledSkip" name="OpenBrowser" time="0.416"/>
  <system-out/>
  <testcase classname="TestNGEnabledSkip" name="CloseBrowser" time="0.115"/>
  <system-out/>
  <testcase classname="TestNGEnabledSkip" name="AccountTest">
    <skipped/>
  </testcase> <!-- AccountTest -->
  <system-out/>
</testsuite> <!-- TestNGEnabledSkip -->
