<?xml version="1.0" encoding="UTF-8"?>
<!-- Generated by org.testng.reporters.JUnitReportReporter -->
<testsuite hostname="BAH5Q3C9J3" failures="0" tests="1" name="TestNGSamples2.FirefoxTest" time="2.828" errors="0" timestamp="2023-03-13T12:01:41 EDT" skipped="0">
  <testcase classname="TestNGSamples2.FirefoxTest" name="ChromeTestMethod" time="2.828"/>
  <system-out/>
</testsuite> <!-- TestNGSamples2.FirefoxTest -->
