<?xml version="1.0" encoding="UTF-8"?>
<!-- Generated by org.testng.reporters.JUnitReportReporter -->
<testsuite hostname="BAH5Q3C9J3" failures="0" tests="2" name="Dependent" time="0.010" errors="0" timestamp="2023-03-09T13:44:59 EST" skipped="0">
  <testcase classname="Dependent" name="OpenBrowser" time="0.008"/>
  <system-out/>
  <testcase classname="Dependent" name="SignIn" time="0.002"/>
  <system-out/>
</testsuite> <!-- Dependent -->
