<?xml version="1.0" encoding="UTF-8"?>
<!-- Generated by org.testng.reporters.JUnitReportReporter -->
<testsuite hostname="BAH5Q3C9J3" failures="0" tests="2" name="TestNGSamples2.ChromeTest" time="4.576" errors="0" timestamp="2023-03-13T13:30:38 EDT" skipped="0">
  <testcase classname="TestNGSamples2.ChromeTest" name="ChromeTestMethod" time="2.317"/>
  <system-out/>
  <testcase classname="TestNGSamples2.ChromeTest" name="ChromeTestMethod" time="2.259"/>
  <system-out/>
</testsuite> <!-- TestNGSamples2.ChromeTest -->
