<?xml version="1.0" encoding="UTF-8"?>
<!-- Generated by org.testng.reporters.JUnitReportReporter -->
<testsuite hostname="BAH5Q3C9J3" failures="0" tests="1" name="FactorySamples.TestData1" time="0.007" errors="0" timestamp="2023-03-22T11:06:47 EDT" skipped="0">
  <testcase classname="FactorySamples.TestData1" name="testData1" time="0.007"/>
  <system-out/>
</testsuite> <!-- FactorySamples.TestData1 -->
