<?xml version="1.0" encoding="UTF-8"?>
<!-- Generated by org.testng.reporters.JUnitReportReporter -->
<testsuite hostname="BAH5Q3C9J3" failures="0" tests="2" name="ParallelWebdriver3.ListenerITest" time="12.820" errors="0" timestamp="2023-03-21T11:19:59 EDT" skipped="0">
  <testcase classname="ParallelWebdriver3.ListenerITest" name="LoginDP" time="6.684"/>
  <system-out/>
  <testcase classname="ParallelWebdriver3.ListenerITest" name="LoginDP" time="6.136"/>
  <system-out/>
</testsuite> <!-- ParallelWebdriver3.ListenerITest -->
