<?xml version="1.0" encoding="UTF-8"?>
<!-- Generated by org.testng.reporters.JUnitReportReporter -->
<testsuite hostname="BAH5Q3C9J3" failures="0" tests="1" name="ParameterizedTest.ParameterizedTest1" time="0.006" errors="0" timestamp="2023-03-22T16:35:58 EDT" skipped="0">
  <testcase classname="ParameterizedTest.ParameterizedTest1" name="parameterTest" time="0.006"/>
  <system-out/>
</testsuite> <!-- ParameterizedTest.ParameterizedTest1 -->
