<?xml version="1.0" encoding="UTF-8"?>
<!-- Generated by org.testng.reporters.JUnitReportReporter -->
<testsuite hostname="BAH5Q3C9J3" failures="0" tests="4" name="dataprovider.DP" time="0.007" errors="0" timestamp="2023-03-09T18:05:45 EST" skipped="0">
  <testcase classname="dataprovider.DP" name="myTest" time="0.001"/>
  <system-out/>
  <testcase classname="dataprovider.DP" name="myTest" time="0.005"/>
  <system-out/>
  <testcase classname="dataprovider.DP" name="myTest" time="0.000"/>
  <system-out/>
  <testcase classname="dataprovider.DP" name="myTest" time="0.001"/>
  <system-out/>
</testsuite> <!-- dataprovider.DP -->
