<?xml version="1.0" encoding="UTF-8"?>
<!-- Generated by org.testng.reporters.JUnitReportReporter -->
<testsuite hostname="BAH5Q3C9J3" failures="0" tests="1" name="TestNGSamples2.ExtentReportsBasic" time="3.117" errors="0" timestamp="2023-03-14T17:17:25 EDT" skipped="0">
  <testcase classname="TestNGSamples2.ExtentReportsBasic" name="Login" time="3.117"/>
  <system-out/>
</testsuite> <!-- TestNGSamples2.ExtentReportsBasic -->
