<?xml version="1.0" encoding="UTF-8"?>
<!-- Generated by org.testng.reporters.JUnitReportReporter -->
<testsuite hostname="BAH5Q3C9J3" failures="0" tests="2" name="SumAndDiff" time="0.011" errors="0" timestamp="2023-03-10T10:49:42 EST" skipped="0">
  <testcase classname="SumAndDiff" name="Diff" time="0.010"/>
  <system-out/>
  <testcase classname="SumAndDiff" name="Sum" time="0.001"/>
  <system-out/>
</testsuite> <!-- SumAndDiff -->
