<?xml version="1.0" encoding="UTF-8"?>
<!-- Generated by org.testng.reporters.JUnitReportReporter -->
<testsuite hostname="BAH5Q3C9J3" failures="0" tests="1" name="Multiply" time="0.001" errors="0" timestamp="2023-03-10T10:49:42 EST" skipped="0">
  <testcase classname="Multiply" name="mul" time="0.001"/>
  <system-out/>
</testsuite> <!-- Multiply -->
