<?xml version="1.0" encoding="UTF-8"?>
<!-- Generated by org.testng.reporters.JUnitReportReporter -->
<testsuite hostname="BAH5Q3C9J3" failures="0" tests="2" name="InheritedDependencyTest" time="0.009" errors="0" timestamp="2023-03-09T14:09:40 EST" skipped="0">
  <testcase classname="InheritedDependencyTest" name="LogIn" time="0.001"/>
  <system-out/>
  <testcase classname="InheritedDependencyTest" name="OpenBrowser" time="0.008"/>
  <system-out/>
</testsuite> <!-- InheritedDependencyTest -->
