<?xml version="1.0" encoding="UTF-8"?>
<!-- Generated by org.testng.reporters.JUnitReportReporter -->
<testsuite hostname="BAH5Q3C9J3" failures="0" tests="3" name="DependsOnTest" time="0.008" errors="0" timestamp="2023-03-09T13:57:15 EST" skipped="0">
  <testcase classname="DependsOnTest" name="LogOut" time="0.000"/>
  <system-out/>
  <testcase classname="DependsOnTest" name="SignIn" time="0.001"/>
  <system-out/>
  <testcase classname="DependsOnTest" name="OpenBrowser" time="0.007"/>
  <system-out/>
</testsuite> <!-- DependsOnTest -->
