<?xml version="1.0" encoding="UTF-8"?>
<!-- Generated by org.testng.reporters.JUnitReportReporter -->
<testsuite hostname="BAH5Q3C9J3" failures="0" tests="4" name="FactorySamples.SimpleTest" time="0.007" errors="0" timestamp="2023-03-22T13:55:55 EDT" skipped="0">
  <testcase classname="FactorySamples.SimpleTest" name="simpleTest" time="0.007"/>
  <system-out/>
  <testcase classname="FactorySamples.SimpleTest" name="simpleTest" time="0.000"/>
  <system-out/>
  <testcase classname="FactorySamples.SimpleTest" name="simpleTest" time="0.000"/>
  <system-out/>
  <testcase classname="FactorySamples.SimpleTest" name="simpleTest" time="0.000"/>
  <system-out/>
</testsuite> <!-- FactorySamples.SimpleTest -->
