<?xml version="1.0" encoding="UTF-8"?>
<!-- Generated by org.testng.reporters.JUnitReportReporter -->
<testsuite hostname="BAH5Q3C9J3" failures="0" tests="2" name="WritingTests.TestEmployeeDetails" time="0.009" errors="0" timestamp="2023-03-22T15:05:08 EDT" skipped="0">
  <testcase classname="WritingTests.TestEmployeeDetails" name="testCalculateYearlySalary" time="0.000"/>
  <system-out/>
  <testcase classname="WritingTests.TestEmployeeDetails" name="testCalculateAppriasal" time="0.009"/>
  <system-out/>
</testsuite> <!-- WritingTests.TestEmployeeDetails -->
