<?xml version="1.0" encoding="UTF-8"?>
<!-- Generated by org.testng.reporters.JUnitReportReporter -->
<testsuite hostname="BAH5Q3C9J3" failures="0" tests="3" name="DataProvider.DataProviderBasics2" time="0.006" errors="0" timestamp="2023-03-10T09:53:26 EST" skipped="0">
  <testcase classname="DataProvider.DataProviderBasics2" name="myTest" time="0.005"/>
  <system-out/>
  <testcase classname="DataProvider.DataProviderBasics2" name="myTest" time="0.000"/>
  <system-out/>
  <testcase classname="DataProvider.DataProviderBasics2" name="myTest" time="0.001"/>
  <system-out/>
</testsuite> <!-- DataProvider.DataProviderBasics2 -->
