<?xml version="1.0" encoding="UTF-8"?>
<!-- Generated by org.testng.reporters.JUnitReportReporter -->
<testsuite hostname="BAH5Q3C9J3" failures="0" tests="2" name="ParameterizedTest.ParamTestWithDataProvider2" time="0.007" errors="0" timestamp="2023-03-22T17:22:22 EDT" skipped="0">
  <testcase classname="ParameterizedTest.ParamTestWithDataProvider2" name="testMethod" time="0.001"/>
  <system-out/>
  <testcase classname="ParameterizedTest.ParamTestWithDataProvider2" name="testMethod" time="0.006"/>
  <system-out/>
</testsuite> <!-- ParameterizedTest.ParamTestWithDataProvider2 -->
