<?xml version="1.0" encoding="UTF-8"?>
<!-- Generated by org.testng.reporters.JUnitReportReporter -->
<testsuite hostname="CHUY-SURFACE-PRO-8" failures="1" tests="9" name="Integrated.SSListenerParallelTSafe" time="63.494" errors="0" timestamp="2023-03-19T16:34:15 EDT" skipped="1">
  <testcase classname="Integrated.SSListenerParallelTSafe" name="OpenBrowser" time="5.494"/>
  <system-out/>
  <testcase classname="Integrated.SSListenerParallelTSafe" name="OpenBrowserNegative" time="9.743">
    <failure message="Titles of the website do not match expected [Rahul Shetty Academy - Login pag] but found [Rahul Shetty Academy - Login page]" type="java.lang.AssertionError">
      <![CDATA[java.lang.AssertionError: Titles of the website do not match expected [Rahul Shetty Academy - Login pag] but found [Rahul Shetty Academy - Login page]
at org.testng.Assert.fail(Assert.java:99)
at org.testng.Assert.failNotEquals(Assert.java:1037)
at org.testng.Assert.assertEqualsImpl(Assert.java:140)
at org.testng.Assert.assertEquals(Assert.java:122)
at org.testng.Assert.assertEquals(Assert.java:629)
at Integrated.SSListenerParallelTSafe.OpenBrowserNegative(SSListenerParallelTSafe.java:54)
at java.base/jdk.internal.reflect.DirectMethodHandleAccessor.invoke(DirectMethodHandleAccessor.java:104)
at java.base/java.lang.reflect.Method.invoke(Method.java:578)
at org.testng.internal.MethodInvocationHelper.invokeMethod(MethodInvocationHelper.java:133)
at org.testng.internal.TestInvoker.invokeMethod(TestInvoker.java:598)
at org.testng.internal.TestInvoker.retryFailed(TestInvoker.java:213)
at org.testng.internal.MethodRunner.runInSequence(MethodRunner.java:58)
at org.testng.internal.TestInvoker$MethodInvocationAgent.invoke(TestInvoker.java:824)
at org.testng.internal.TestInvoker.invokeTestMethods(TestInvoker.java:146)
at org.testng.internal.TestMethodWorker.invokeTestMethods(TestMethodWorker.java:146)
at org.testng.internal.TestMethodWorker.run(TestMethodWorker.java:128)
at java.base/java.util.concurrent.ThreadPoolExecutor.runWorker(ThreadPoolExecutor.java:1144)
at java.base/java.util.concurrent.ThreadPoolExecutor$Worker.run(ThreadPoolExecutor.java:642)
at java.base/java.lang.Thread.run(Thread.java:1589)
]]>
    </failure>
  </testcase> <!-- OpenBrowserNegative -->
  <system-out/>
  <testcase classname="Integrated.SSListenerParallelTSafe" name="LoginDP" time="5.818"/>
  <system-out/>
  <testcase classname="Integrated.SSListenerParallelTSafe" name="LoginDP" time="7.611"/>
  <system-out/>
  <testcase classname="Integrated.SSListenerParallelTSafe" name="LoginDP" time="5.893"/>
  <system-out/>
  <testcase classname="Integrated.SSListenerParallelTSafe" name="OpenBrowserNegative" time="5.936">
    <skipped/>
  </testcase> <!-- OpenBrowserNegative -->
  <system-out/>
  <testcase classname="Integrated.SSListenerParallelTSafe" name="LoginDP" time="11.347"/>
  <system-out/>
  <testcase classname="Integrated.SSListenerParallelTSafe" name="OpenBrowserSecond" time="5.370"/>
  <system-out/>
  <testcase classname="Integrated.SSListenerParallelTSafe" name="Login" time="6.282"/>
  <system-out/>
</testsuite> <!-- Integrated.SSListenerParallelTSafe -->
