<?xml version="1.0" encoding="UTF-8"?>
<!-- Generated by org.testng.reporters.JUnitReportReporter -->
<testsuite hostname="BAH5Q3C9J3" failures="0" tests="4" name="TestNGSamples2.ParallelBasic" time="0.045" errors="0" timestamp="2023-03-13T13:39:03 EDT" skipped="0">
  <testcase classname="TestNGSamples2.ParallelBasic" name="testMethod" time="0.014"/>
  <system-out/>
  <testcase classname="TestNGSamples2.ParallelBasic" name="testMethod" time="0.010"/>
  <system-out/>
  <testcase classname="TestNGSamples2.ParallelBasic" name="testMethod" time="0.010"/>
  <system-out/>
  <testcase classname="TestNGSamples2.ParallelBasic" name="testMethod" time="0.011"/>
  <system-out/>
</testsuite> <!-- TestNGSamples2.ParallelBasic -->
