<?xml version="1.0" encoding="UTF-8"?>
<!-- Generated by org.testng.reporters.JUnitReportReporter -->
<testsuite hostname="BAH5Q3C9J3" failures="0" tests="2" name="ParallelWebdriver.ThreadLocalDemo" time="10.727" errors="0" timestamp="2023-03-20T15:46:12 EDT" skipped="0">
  <testcase classname="ParallelWebdriver.ThreadLocalDemo" name="testMethod1" time="6.411"/>
  <system-out/>
  <testcase classname="ParallelWebdriver.ThreadLocalDemo" name="testMethod2" time="4.316"/>
  <system-out/>
</testsuite> <!-- ParallelWebdriver.ThreadLocalDemo -->
