<?xml version="1.0" encoding="UTF-8"?>
<!-- Generated by org.testng.reporters.JUnitReportReporter -->
<testsuite hostname="BAH5Q3C9J3" failures="0" tests="2" name="TestNG" time="0.526" errors="0" timestamp="2023-03-10T12:14:53 EST" skipped="0">
  <testcase classname="TestNG" name="OpenBrowser" time="0.422"/>
  <system-out>
    <![CDATA[This test verifies the current selenium compatibility with TestNG by launching the chrome driver
Launching Google Chrome Driver for this test
The website used was DemoQA for this test]]>
  </system-out>
  <testcase classname="TestNG" name="CloseBrowser" time="0.104"/>
  <system-out>
    <![CDATA[Driver Closed After Testing]]>
  </system-out>
</testsuite> <!-- TestNG -->
