<?xml version="1.0" encoding="UTF-8"?>
<!-- Generated by org.testng.reporters.JUnitReportReporter -->
<testsuite hostname="BAH5Q3C9J3" failures="0" tests="4" name="ParallelWebdriver2.LandingPageTest" time="31.043" errors="0" timestamp="2023-03-20T16:16:35 EDT" skipped="0">
  <testcase classname="ParallelWebdriver2.LandingPageTest" name="test3" time="7.261"/>
  <system-out/>
  <testcase classname="ParallelWebdriver2.LandingPageTest" name="test" time="8.097"/>
  <system-out/>
  <testcase classname="ParallelWebdriver2.LandingPageTest" name="test1" time="7.854"/>
  <system-out/>
  <testcase classname="ParallelWebdriver2.LandingPageTest" name="test2" time="7.831"/>
  <system-out/>
</testsuite> <!-- ParallelWebdriver2.LandingPageTest -->
