<?xml version="1.0" encoding="UTF-8"?>
<!-- Generated by org.testng.reporters.JUnitReportReporter -->
<testsuite hostname="BAH5Q3C9J3" failures="0" tests="4" name="FactorySamples.DataProvWithFactory" time="0.007" errors="0" timestamp="2023-03-22T11:09:33 EDT" skipped="0">
  <testcase classname="FactorySamples.DataProvWithFactory" name="testMethodOne" time="0.000"/>
  <system-out/>
  <testcase classname="FactorySamples.DataProvWithFactory" name="testMethodTwo" time="0.000"/>
  <system-out/>
  <testcase classname="FactorySamples.DataProvWithFactory" name="testMethodOne" time="0.006"/>
  <system-out/>
  <testcase classname="FactorySamples.DataProvWithFactory" name="testMethodTwo" time="0.001"/>
  <system-out/>
</testsuite> <!-- FactorySamples.DataProvWithFactory -->
