<?xml version="1.0" encoding="UTF-8"?>
<!-- Generated by org.testng.reporters.JUnitReportReporter -->
<testsuite hostname="BAH5Q3C9J3" failures="0" tests="1" name="TestNGSample4.ChromeTest" time="7.669" errors="0" timestamp="2023-04-05T10:18:51 EDT" skipped="0">
  <testcase classname="TestNGSample4.ChromeTest" name="ChromeTestMethod" time="7.669"/>
  <system-out/>
</testsuite> <!-- TestNGSample4.ChromeTest -->
