<?xml version="1.0" encoding="UTF-8"?>
<!-- Generated by org.testng.reporters.JUnitReportReporter -->
<testsuite hostname="BAH5Q3C9J3" failures="0" tests="1" name="TestNGSamples2.ExtentReportsBasicWithSS" time="3.273" errors="0" timestamp="2023-03-14T18:38:36 EDT" skipped="0">
  <testcase classname="TestNGSamples2.ExtentReportsBasicWithSS" name="Login" time="3.273"/>
  <system-out/>
</testsuite> <!-- TestNGSamples2.ExtentReportsBasicWithSS -->
