<?xml version="1.0" encoding="UTF-8"?>
<!-- Generated by org.testng.reporters.JUnitReportReporter -->
<testsuite hostname="BAH5Q3C9J3" failures="0" tests="3" name="DataProvider.DataProviderInherit" time="0.009" errors="0" timestamp="2023-03-10T10:28:45 EST" skipped="0">
  <testcase classname="DataProvider.DataProviderInherit" name="myTest2" time="0.001"/>
  <system-out/>
  <testcase classname="DataProvider.DataProviderInherit" name="myTest2" time="0.007"/>
  <system-out/>
  <testcase classname="DataProvider.DataProviderInherit" name="myTest2" time="0.001"/>
  <system-out/>
</testsuite> <!-- DataProvider.DataProviderInherit -->
