<?xml version="1.0" encoding="UTF-8"?>
<!-- Generated by org.testng.reporters.JUnitReportReporter -->
<testsuite hostname="BAH5Q3C9J3" failures="0" tests="5" name="ParameterizedTest.ParamTestWithDataProvider1" time="0.012" errors="0" timestamp="2023-03-22T17:17:51 EDT" skipped="0">
  <testcase classname="ParameterizedTest.ParamTestWithDataProvider1" name="testPrimeNumberChecker" time="0.006"/>
  <system-out/>
  <testcase classname="ParameterizedTest.ParamTestWithDataProvider1" name="testPrimeNumberChecker" time="0.000"/>
  <system-out/>
  <testcase classname="ParameterizedTest.ParamTestWithDataProvider1" name="testPrimeNumberChecker" time="0.001"/>
  <system-out/>
  <testcase classname="ParameterizedTest.ParamTestWithDataProvider1" name="testPrimeNumberChecker" time="0.004"/>
  <system-out/>
  <testcase classname="ParameterizedTest.ParamTestWithDataProvider1" name="testPrimeNumberChecker" time="0.001"/>
  <system-out/>
</testsuite> <!-- ParameterizedTest.ParamTestWithDataProvider1 -->
