<?xml version="1.0" encoding="UTF-8"?>
<!-- Generated by org.testng.reporters.JUnitReportReporter -->
<testsuite hostname="BAH5Q3C9J3" failures="0" tests="1" name="DataProvider.DataProviderTestExcel2" time="8.748" errors="0" timestamp="2023-03-10T17:45:48 EST" skipped="0">
  <testcase classname="DataProvider.DataProviderTestExcel2" name="test" time="8.748"/>
  <system-out/>
</testsuite> <!-- DataProvider.DataProviderTestExcel2 -->
