<?xml version="1.0" encoding="UTF-8"?>
<!-- Generated by org.testng.reporters.JUnitReportReporter -->
<testsuite hostname="BAH5Q3C9J3" failures="0" tests="3" name="DependencyTestOnGroups.DependencyTestUsingAnnotation" time="0.011" errors="0" timestamp="2023-03-22T16:25:13 EDT" skipped="0">
  <testcase classname="DependencyTestOnGroups.DependencyTestUsingAnnotation" name="initEnvironmentTest" time="0.008"/>
  <system-out/>
  <testcase classname="DependencyTestOnGroups.DependencyTestUsingAnnotation" name="testPrintMessage" time="0.002"/>
  <system-out/>
  <testcase classname="DependencyTestOnGroups.DependencyTestUsingAnnotation" name="testSalutationMessage" time="0.001"/>
  <system-out/>
</testsuite> <!-- DependencyTestOnGroups.DependencyTestUsingAnnotation -->
