<?xml version="1.0" encoding="UTF-8"?>
<!-- Generated by org.testng.reporters.JUnitReportReporter -->
<testsuite hostname="BAH5Q3C9J3" failures="0" tests="2" name="TestNGSamples2.MultiBrowser" time="4.405" errors="0" timestamp="2023-03-13T10:40:13 EDT" skipped="0">
  <testcase classname="TestNGSamples2.MultiBrowser" name="login" time="2.293"/>
  <system-out/>
  <testcase classname="TestNGSamples2.MultiBrowser" name="login" time="2.112"/>
  <system-out/>
</testsuite> <!-- TestNGSamples2.MultiBrowser -->
