<?xml version="1.0" encoding="UTF-8"?>
<!-- Generated by org.testng.reporters.JUnitReportReporter -->
<testsuite hostname="BAH5Q3C9J3" failures="0" tests="3" name="DependsOnTestMultiple" time="0.009" errors="0" timestamp="2023-03-09T14:02:28 EST" skipped="0">
  <testcase classname="DependsOnTestMultiple" name="LogOut" time="0.000"/>
  <system-out/>
  <testcase classname="DependsOnTestMultiple" name="SignIn" time="0.001"/>
  <system-out/>
  <testcase classname="DependsOnTestMultiple" name="OpenBrowser" time="0.008"/>
  <system-out/>
</testsuite> <!-- DependsOnTestMultiple -->
