<?xml version="1.0" encoding="UTF-8"?>
<!-- Generated by org.testng.reporters.JUnitReportReporter -->
<testsuite hostname="BAH5Q3C9J3" failures="0" tests="1" name="SuperClass" time="0.001" errors="0" timestamp="2023-03-09T14:09:40 EST" skipped="0">
  <testcase classname="SuperClass" name="OpenBrowser" time="0.001"/>
  <system-out/>
</testsuite> <!-- SuperClass -->
