<?xml version="1.0" encoding="UTF-8"?>
<!-- Generated by org.testng.reporters.JUnitReportReporter -->
<testsuite hostname="BAH5Q3C9J3" failures="0" tests="2" name="army.tests.SubmitOrderTestImproved" time="23.215" errors="0" timestamp="2023-04-05T16:53:12 EDT" skipped="0">
  <testcase classname="army.tests.SubmitOrderTestImproved" name="submitOrder" time="12.486"/>
  <system-out/>
  <testcase classname="army.tests.SubmitOrderTestImproved" name="submitOrder" time="10.729"/>
  <system-out/>
</testsuite> <!-- army.tests.SubmitOrderTestImproved -->
