<?xml version="1.0" encoding="UTF-8"?>
<!-- Generated by org.testng.reporters.JUnitReportReporter -->
<testsuite hostname="BAH5Q3C9J3" failures="0" tests="2" name="cucumber.TestNGTestRunner" time="17.613" errors="0" timestamp="2022-10-20T14:31:24 EDT" skipped="0">
  <testcase classname="cucumber.TestNGTestRunner" name="runScenario" time="6.415"/>
  <system-out/>
  <testcase classname="cucumber.TestNGTestRunner" name="runScenario" time="11.198"/>
  <system-out/>
</testsuite> <!-- cucumber.TestNGTestRunner -->
