<?xml version="1.0" encoding="UTF-8"?>
<!-- Generated by org.testng.reporters.JUnitReportReporter -->
<testsuite hostname="BAH5Q3C9J3" failures="0" tests="3" name="army.tests.SubmitOrderTestImproved" time="30.661" errors="0" timestamp="2022-10-20T14:35:11 EDT" skipped="0">
  <testcase classname="army.tests.SubmitOrderTestImproved" name="submitOrder" time="10.729"/>
  <system-out/>
  <testcase classname="army.tests.SubmitOrderTestImproved" name="OrderHistoryTest" time="6.782"/>
  <system-out/>
  <testcase classname="army.tests.SubmitOrderTestImproved" name="submitOrder" time="13.150"/>
  <system-out/>
</testsuite> <!-- army.tests.SubmitOrderTestImproved -->
