<?xml version="1.0" encoding="UTF-8"?>
<!-- Generated by org.testng.reporters.JUnitReportReporter -->
<testsuite hostname="BAH5Q3C9J3" failures="0" tests="2" name="army.tests.ErrorValidationsTest" time="22.153" errors="0" timestamp="2023-04-05T16:35:07 EDT" skipped="0">
  <testcase classname="army.tests.ErrorValidationsTest" name="LoginErrorValidation" time="9.834"/>
  <system-out/>
  <testcase classname="army.tests.ErrorValidationsTest" name="ProductErrorValidation" time="12.319"/>
  <system-out/>
</testsuite> <!-- army.tests.ErrorValidationsTest -->
