<?xml version="1.0" encoding="UTF-8"?>
<!-- Generated by org.testng.reporters.JUnitReportReporter -->
<testsuite hostname="BAH5Q3C9J3" failures="0" tests="2" name="army.tests.ErrorValidationsTest" time="15.792" errors="0" timestamp="2022-10-20T14:35:11 EDT" skipped="0">
  <testcase classname="army.tests.ErrorValidationsTest" name="ProductErrorValidation" time="10.008"/>
  <system-out/>
  <testcase classname="army.tests.ErrorValidationsTest" name="LoginErrorValidation" time="5.784"/>
  <system-out/>
</testsuite> <!-- army.tests.ErrorValidationsTest -->
