<?xml version="1.0" encoding="UTF-8"?>
<!-- Generated by org.testng.reporters.JUnitReportReporter -->
<testsuite hostname="BAH5Q3C9J3" failures="0" tests="2" name="cucumber.TestNGTestRunner" time="18.167" errors="0" timestamp="2022-09-09T10:42:48 EDT" skipped="0">
  <testcase classname="cucumber.TestNGTestRunner" name="runScenario" time="9.861"/>
  <system-out/>
  <testcase classname="cucumber.TestNGTestRunner" name="runScenario" time="8.306"/>
  <system-out/>
</testsuite> <!-- cucumber.TestNGTestRunner -->
