<?xml version="1.0" encoding="UTF-8"?>
<!-- Generated by org.testng.reporters.JUnitReportReporter -->
<testsuite hostname="BAH5Q3C9J3" failures="0" tests="1" name="army.tests.ErrorValidations" time="6.665" errors="0" timestamp="2022-09-01T12:29:59 EDT" skipped="0">
  <testcase classname="army.tests.ErrorValidations" name="submitOrder" time="6.665"/>
  <system-out/>
</testsuite> <!-- army.tests.ErrorValidations -->
