<?xml version="1.0" encoding="UTF-8"?>
<!-- Generated by org.testng.reporters.JUnitReportReporter -->
<testsuite hostname="BAH5Q3C9J3" failures="0" tests="1" name="Automation.KeywordFramework.IrctcLogic" time="13.696" errors="0" timestamp="2023-03-28T10:09:55 EDT" skipped="0">
  <testcase classname="Automation.KeywordFramework.IrctcLogic" name="readExcelandexecute" time="13.696"/>
  <system-out/>
</testsuite> <!-- Automation.KeywordFramework.IrctcLogic -->
